[debug] [2025-08-31T21:55:39.002Z] ----------------------------------------------------------------------
[debug] [2025-08-31T21:55:39.004Z] Command:       /home/anonymous-user/.nvm/versions/node/v22.17.0/bin/node /home/anonymous-user/.nvm/versions/node/v22.17.0/bin/firebase init
[debug] [2025-08-31T21:55:39.005Z] CLI Version:   14.14.0
[debug] [2025-08-31T21:55:39.005Z] Platform:      linux
[debug] [2025-08-31T21:55:39.005Z] Node Version:  v22.17.0
[debug] [2025-08-31T21:55:39.005Z] Time:          Mon Sep 01 2025 00:55:39 GMT+0300 (East Africa Time)
[debug] [2025-08-31T21:55:39.006Z] ----------------------------------------------------------------------
[debug] 
[debug] [2025-08-31T21:55:39.015Z] > command requires scopes: ["email","openid","https://www.googleapis.com/auth/cloudplatformprojects.readonly","https://www.googleapis.com/auth/firebase","https://www.googleapis.com/auth/cloud-platform"]
[debug] [2025-08-31T21:55:39.015Z] > authorizing via signed-in user (kamwangaraheem2050@gmail.com)
[info] 
     ######## #### ########  ######## ########     ###     ######  ########
     ##        ##  ##     ## ##       ##     ##  ##   ##  ##       ##
     ######    ##  ########  ######   ########  #########  ######  ######
     ##        ##  ##    ##  ##       ##     ## ##     ##       ## ##
     ##       #### ##     ## ######## ########  ##     ##  ######  ########

You're about to initialize a Firebase project in this directory:

  /home/anonymous-user/Desktop/PLP_HACKATHON_2/functions

[info] 
=== Project Setup
[info] 
[info] First, let's associate this project directory with a Firebase project.
[info] You can create multiple project aliases by running firebase use --add, 
[info] but for now we'll just set up a default project.
[info] 
[debug] [2025-08-31T21:56:11.789Z] Checked if tokens are valid: true, expires at: 1756680255226
[debug] [2025-08-31T21:56:11.790Z] Checked if tokens are valid: true, expires at: 1756680255226
[debug] [2025-08-31T21:56:11.793Z] >>> [apiv2][query] GET https://firebase.googleapis.com/v1beta1/projects pageSize=100
[debug] [2025-08-31T21:56:12.753Z] <<< [apiv2][status] GET https://firebase.googleapis.com/v1beta1/projects 200
[debug] [2025-08-31T21:56:12.754Z] <<< [apiv2][body] GET https://firebase.googleapis.com/v1beta1/projects [omitted]
[info] i  Using project eduaid-bot-hackathon (eduaid-bot-hackathon) 
[info] 
=== Dataconnect Setup
[debug] [2025-08-31T21:56:14.479Z] Checked if tokens are valid: true, expires at: 1756680255226
[debug] [2025-08-31T21:56:14.479Z] Checked if tokens are valid: true, expires at: 1756680255226
[debug] [2025-08-31T21:56:14.480Z] >>> [apiv2][query] GET https://cloudbilling.googleapis.com/v1/projects/eduaid-bot-hackathon/billingInfo [none]
[debug] [2025-08-31T21:56:15.640Z] <<< [apiv2][status] GET https://cloudbilling.googleapis.com/v1/projects/eduaid-bot-hackathon/billingInfo 200
[debug] [2025-08-31T21:56:15.640Z] <<< [apiv2][body] GET https://cloudbilling.googleapis.com/v1/projects/eduaid-bot-hackathon/billingInfo {"name":"projects/eduaid-bot-hackathon/billingInfo","projectId":"eduaid-bot-hackathon","billingAccountName":"","billingEnabled":false}
[info] i  dataconnect: ensuring required API firebasedataconnect.googleapis.com is enabled... 
[info] i  dataconnect: ensuring required API sqladmin.googleapis.com is enabled... 
[debug] [2025-08-31T21:56:15.644Z] Checked if tokens are valid: true, expires at: 1756680255226
[debug] [2025-08-31T21:56:15.644Z] Checked if tokens are valid: true, expires at: 1756680255226
[debug] [2025-08-31T21:56:15.645Z] >>> [apiv2][query] GET https://firebasedataconnect.googleapis.com/v1/projects/eduaid-bot-hackathon/locations/-/services [none]
[debug] [2025-08-31T21:56:22.768Z] <<< [apiv2][status] GET https://firebasedataconnect.googleapis.com/v1/projects/eduaid-bot-hackathon/locations/-/services 200
[debug] [2025-08-31T21:56:22.768Z] <<< [apiv2][body] GET https://firebasedataconnect.googleapis.com/v1/projects/eduaid-bot-hackathon/locations/-/services {}
[info] ✔  Wrote dataconnect/dataconnect.yaml 
[info] ✔  Wrote dataconnect/schema/schema.gql 
[info] ✔  Wrote dataconnect/example/connector.yaml 
[info] ✔  Wrote dataconnect/example/queries.gql 
[info] ✔  Wrote dataconnect/example/mutations.gql 
[info] ✔  Detected WEB app in directory /home/anonymous-user/Desktop/PLP_HACKATHON_2/functions 
[info] i  Writing your new SDK configuration to /home/anonymous-user/Desktop/PLP_HACKATHON_2/functions/dataconnect/example/connector.yaml 
[info] ✔  Wrote dataconnect/example/connector.yaml 
[info] i  dataconnect: downloading dataconnect-emulator-2.11.2... {"metadata":{"emulator":{"name":"dataconnect"},"message":"downloading dataconnect-emulator-2.11.2..."}}
[debug] [2025-08-31T21:56:34.779Z] >>> [apiv2][query] GET https://storage.googleapis.com/firemat-preview-drop/emulator/dataconnect-emulator-linux-v2.11.2 
[debug] [2025-08-31T21:56:35.899Z] <<< [apiv2][status] GET https://storage.googleapis.com/firemat-preview-drop/emulator/dataconnect-emulator-linux-v2.11.2 200
[debug] [2025-08-31T21:56:35.899Z] <<< [apiv2][body] GET https://storage.googleapis.com/firemat-preview-drop/emulator/dataconnect-emulator-linux-v2.11.2 [stream]
[debug] [2025-08-31T21:56:47.007Z] defaultcredentials: writing to file /home/anonymous-user/.config/firebase/kamwangaraheem2050_gmail_com_application_default_credentials.json
